<?xml version="1.0" encoding="UTF-8"?>
<coverage generated="1712784511731" clover="3.2.0">
  <project timestamp="1712784511731" name="All files">
    <metrics statements="30" coveredstatements="27" conditionals="4" coveredconditionals="2" methods="8" coveredmethods="7" elements="42" coveredelements="36" complexity="0" loc="30" ncloc="30" packages="1" files="2" classes="2"/>
    <file name="readFile.js" path="/Users/shuluo/Code/node-fs/readFile.js">
      <metrics statements="24" coveredstatements="21" conditionals="4" coveredconditionals="2" methods="7" coveredmethods="6"/>
      <line num="2" count="1" type="stmt"/>
      <line num="12" count="1" type="stmt"/>
      <line num="13" count="2" type="stmt"/>
      <line num="14" count="2" type="stmt"/>
      <line num="15" count="2" type="stmt"/>
      <line num="16" count="2" type="stmt"/>
      <line num="18" count="1" type="stmt"/>
      <line num="21" count="1" type="stmt"/>
      <line num="22" count="3" type="stmt"/>
      <line num="23" count="3" type="stmt"/>
      <line num="26" count="3" type="stmt"/>
      <line num="27" count="3" type="stmt"/>
      <line num="30" count="0" type="stmt"/>
      <line num="33" count="1" type="stmt"/>
      <line num="36" count="1" type="stmt"/>
      <line num="37" count="2" type="stmt"/>
      <line num="38" count="2" type="stmt"/>
      <line num="39" count="2" type="cond" truecount="1" falsecount="1"/>
      <line num="40" count="0" type="stmt"/>
      <line num="42" count="2" type="stmt"/>
      <line num="46" count="1" type="stmt"/>
      <line num="47" count="1" type="cond" truecount="1" falsecount="1"/>
      <line num="48" count="0" type="stmt"/>
      <line num="50" count="1" type="stmt"/>
    </file>
    <file name="reset.js" path="/Users/shuluo/Code/node-fs/reset.js">
      <metrics statements="6" coveredstatements="6" conditionals="0" coveredconditionals="0" methods="1" coveredmethods="1"/>
      <line num="2" count="1" type="stmt"/>
      <line num="3" count="1" type="stmt"/>
      <line num="6" count="1" type="stmt"/>
      <line num="7" count="2" type="stmt"/>
      <line num="8" count="2" type="stmt"/>
      <line num="10" count="1" type="stmt"/>
    </file>
  </project>
</coverage>
