{"/Users/shuluo/Code/node-fs/readFile.js": {"path":"/Users/shuluo/Code/node-fs/readFile.js","statementMap":{"0":{"start":{"line":2,"column":13},"end":{"line":2,"column":25}},"1":{"start":{"line":12,"column":26},"end":{"line":17,"column":1}},"2":{"start":{"line":13,"column":2},"end":{"line":13,"column":56}},"3":{"start":{"line":14,"column":13},"end":{"line":14,"column":42}},"4":{"start":{"line":15,"column":2},"end":{"line":15,"column":34}},"5":{"start":{"line":16,"column":2},"end":{"line":16,"column":14}},"6":{"start":{"line":18,"column":0},"end":{"line":18,"column":19}},"7":{"start":{"line":21,"column":29},"end":{"line":32,"column":1}},"8":{"start":{"line":22,"column":2},"end":{"line":22,"column":75}},"9":{"start":{"line":23,"column":2},"end":{"line":31,"column":7}},"10":{"start":{"line":26,"column":6},"end":{"line":26,"column":38}},"11":{"start":{"line":27,"column":6},"end":{"line":27,"column":18}},"12":{"start":{"line":30,"column":6},"end":{"line":30,"column":25}},"13":{"start":{"line":33,"column":0},"end":{"line":33,"column":28}},"14":{"start":{"line":36,"column":27},"end":{"line":45,"column":1}},"15":{"start":{"line":37,"column":2},"end":{"line":37,"column":67}},"16":{"start":{"line":38,"column":2},"end":{"line":44,"column":5}},"17":{"start":{"line":39,"column":4},"end":{"line":43,"column":5}},"18":{"start":{"line":40,"column":6},"end":{"line":40,"column":26}},"19":{"start":{"line":42,"column":6},"end":{"line":42,"column":27}},"20":{"start":{"line":46,"column":0},"end":{"line":52,"column":3}},"21":{"start":{"line":47,"column":2},"end":{"line":51,"column":3}},"22":{"start":{"line":48,"column":4},"end":{"line":48,"column":23}},"23":{"start":{"line":50,"column":4},"end":{"line":50,"column":36}}},"fnMap":{"0":{"name":"(anonymous_0)","decl":{"start":{"line":12,"column":26},"end":{"line":12,"column":27}},"loc":{"start":{"line":12,"column":36},"end":{"line":17,"column":1}},"line":12},"1":{"name":"(anonymous_1)","decl":{"start":{"line":21,"column":29},"end":{"line":21,"column":30}},"loc":{"start":{"line":21,"column":45},"end":{"line":32,"column":1}},"line":21},"2":{"name":"(anonymous_2)","decl":{"start":{"line":25,"column":10},"end":{"line":25,"column":11}},"loc":{"start":{"line":25,"column":20},"end":{"line":28,"column":5}},"line":25},"3":{"name":"(anonymous_3)","decl":{"start":{"line":29,"column":11},"end":{"line":29,"column":12}},"loc":{"start":{"line":29,"column":20},"end":{"line":31,"column":5}},"line":29},"4":{"name":"(anonymous_4)","decl":{"start":{"line":36,"column":27},"end":{"line":36,"column":28}},"loc":{"start":{"line":36,"column":47},"end":{"line":45,"column":1}},"line":36},"5":{"name":"(anonymous_5)","decl":{"start":{"line":38,"column":28},"end":{"line":38,"column":29}},"loc":{"start":{"line":38,"column":43},"end":{"line":44,"column":3}},"line":38},"6":{"name":"(anonymous_6)","decl":{"start":{"line":46,"column":20},"end":{"line":46,"column":21}},"loc":{"start":{"line":46,"column":35},"end":{"line":52,"column":1}},"line":46}},"branchMap":{"0":{"loc":{"start":{"line":39,"column":4},"end":{"line":43,"column":5}},"type":"if","locations":[{"start":{"line":39,"column":4},"end":{"line":43,"column":5}},{"start":{"line":41,"column":11},"end":{"line":43,"column":5}}],"line":39},"1":{"loc":{"start":{"line":47,"column":2},"end":{"line":51,"column":3}},"type":"if","locations":[{"start":{"line":47,"column":2},"end":{"line":51,"column":3}},{"start":{"line":49,"column":9},"end":{"line":51,"column":3}}],"line":47}},"s":{"0":1,"1":1,"2":2,"3":2,"4":2,"5":2,"6":1,"7":1,"8":3,"9":3,"10":3,"11":3,"12":0,"13":1,"14":1,"15":2,"16":2,"17":2,"18":0,"19":2,"20":1,"21":1,"22":0,"23":1},"f":{"0":2,"1":3,"2":3,"3":0,"4":2,"5":2,"6":1},"b":{"0":[0,2],"1":[0,1]},"_coverageSchema":"1a1c01bbd47fc00a2c39e90264f33305004495a9","hash":"98635d919d16494f86a72871ede44e670d74f319"}
,"/Users/shuluo/Code/node-fs/reset.js": {"path":"/Users/shuluo/Code/node-fs/reset.js","statementMap":{"0":{"start":{"line":2,"column":13},"end":{"line":2,"column":25}},"1":{"start":{"line":3,"column":15},"end":{"line":3,"column":37}},"2":{"start":{"line":6,"column":19},"end":{"line":9,"column":1}},"3":{"start":{"line":7,"column":2},"end":{"line":7,"column":39}},"4":{"start":{"line":8,"column":2},"end":{"line":8,"column":29}},"5":{"start":{"line":10,"column":0},"end":{"line":10,"column":20}}},"fnMap":{"0":{"name":"(anonymous_0)","decl":{"start":{"line":6,"column":19},"end":{"line":6,"column":20}},"loc":{"start":{"line":6,"column":35},"end":{"line":9,"column":1}},"line":6}},"branchMap":{},"s":{"0":1,"1":1,"2":1,"3":2,"4":2,"5":1},"f":{"0":2},"b":{},"_coverageSchema":"1a1c01bbd47fc00a2c39e90264f33305004495a9","hash":"05545e5c0473c35e458cc8568dd22d216ec33f03"}
}
