TN:
SF:readFile.js
FN:12,(anonymous_0)
FN:21,(anonymous_1)
FN:25,(anonymous_2)
FN:29,(anonymous_3)
FN:36,(anonymous_4)
FN:38,(anonymous_5)
FN:46,(anonymous_6)
FNF:7
FNH:6
FNDA:2,(anonymous_0)
FNDA:3,(anonymous_1)
FNDA:3,(anonymous_2)
FNDA:0,(anonymous_3)
FNDA:2,(anonymous_4)
FNDA:2,(anonymous_5)
FNDA:1,(anonymous_6)
DA:2,1
DA:12,1
DA:13,2
DA:14,2
DA:15,2
DA:16,2
DA:18,1
DA:21,1
DA:22,3
DA:23,3
DA:26,3
DA:27,3
DA:30,0
DA:33,1
DA:36,1
DA:37,2
DA:38,2
DA:39,2
DA:40,0
DA:42,2
DA:46,1
DA:47,1
DA:48,0
DA:50,1
LF:24
LH:21
BRDA:39,0,0,0
BRDA:39,0,1,2
BRDA:47,1,0,0
BRDA:47,1,1,1
BRF:4
BRH:2
end_of_record
TN:
SF:reset.js
FN:6,(anonymous_0)
FNF:1
FNH:1
FNDA:2,(anonymous_0)
DA:2,1
DA:3,1
DA:6,1
DA:7,2
DA:8,2
DA:10,1
LF:6
LH:6
BRF:0
BRH:0
end_of_record
